Change Component Designator: OldDesignator=JP2 NewDesignator=JP8
Added Component: Designator=JP2(JP 1x6 CT)
Add component (AddParameter): Name = "Chung_Loai"; Value = "C?m"; VariantName = "[No Variations]"
Add component (AddParameter): Name = "Don_Vi"; Value = "Con"; VariantName = "[No Variations]"
Add component (AddParameter): Name = "Ghi_Chu"; Value = ""; VariantName = "[No Variations]"
Add component (AddParameter): Name = "Kieu_Chan"; Value = ""; VariantName = "[No Variations]"
Add component (AddParameter): Name = "Ma_Hang"; Value = "MH004006"; VariantName = "[No Variations]"
Add component (AddParameter): Name = "Ten_Linh_Kien"; Value = "Jump Ðon Cái 2.54MM 1x20P Th?ng"; VariantName = "[No Variations]"
Added Component: Designator=JP3(JP 1x6 CT)
Add component (AddParameter): Name = "Chung_Loai"; Value = "C?m"; VariantName = "[No Variations]"
Add component (AddParameter): Name = "Don_Vi"; Value = "Con"; VariantName = "[No Variations]"
Add component (AddParameter): Name = "Ghi_Chu"; Value = ""; VariantName = "[No Variations]"
Add component (AddParameter): Name = "Kieu_Chan"; Value = ""; VariantName = "[No Variations]"
Add component (AddParameter): Name = "Ma_Hang"; Value = "MH004006"; VariantName = "[No Variations]"
Add component (AddParameter): Name = "Ten_Linh_Kien"; Value = "Jump Ðon Cái 2.54MM 1x20P Th?ng"; VariantName = "[No Variations]"
Added Component: Designator=JP4(JP 1x5 CT)
Add component (AddParameter): Name = "Chung_Loai"; Value = "C?m"; VariantName = "[No Variations]"
Add component (AddParameter): Name = "Don_Vi"; Value = "Con"; VariantName = "[No Variations]"
Add component (AddParameter): Name = "Ghi_Chu"; Value = ""; VariantName = "[No Variations]"
Add component (AddParameter): Name = "Kieu_Chan"; Value = ""; VariantName = "[No Variations]"
Add component (AddParameter): Name = "Ma_Hang"; Value = "MH004006"; VariantName = "[No Variations]"
Add component (AddParameter): Name = "Ten_Linh_Kien"; Value = "Jump Ðon Cái 2.54MM 1x20P Th?ng"; VariantName = "[No Variations]"
Added Component: Designator=JP5(JP 2x3 DT)
Add component (AddParameter): Name = "Chung_Loai"; Value = "C?m"; VariantName = "[No Variations]"
Add component (AddParameter): Name = "Don_Vi"; Value = "Con"; VariantName = "[No Variations]"
Add component (AddParameter): Name = "Ghi_Chu"; Value = ""; VariantName = "[No Variations]"
Add component (AddParameter): Name = "Kieu_Chan"; Value = ""; VariantName = "[No Variations]"
Add component (AddParameter): Name = "Ma_Hang"; Value = "MH002686"; VariantName = "[No Variations]"
Add component (AddParameter): Name = "Ten_Linh_Kien"; Value = "Jump Ðôi Ð?c 2.54MM 2x40P Th?ng 11MM"; VariantName = "[No Variations]"
Added Component: Designator=JP6(JP 1x4 CT)
Add component (AddParameter): Name = "Chung_Loai"; Value = "C?m"; VariantName = "[No Variations]"
Add component (AddParameter): Name = "Don_Vi"; Value = "Con"; VariantName = "[No Variations]"
Add component (AddParameter): Name = "Ghi_Chu"; Value = ""; VariantName = "[No Variations]"
Add component (AddParameter): Name = "Kieu_Chan"; Value = ""; VariantName = "[No Variations]"
Add component (AddParameter): Name = "Ma_Hang"; Value = "MH004006"; VariantName = "[No Variations]"
Add component (AddParameter): Name = "Ten_Linh_Kien"; Value = "Jump Ðon Cái 2.54MM 1x20P Th?ng"; VariantName = "[No Variations]"
Added Component: Designator=JP7(JP 1x6 CT)
Add component (AddParameter): Name = "Chung_Loai"; Value = "C?m"; VariantName = "[No Variations]"
Add component (AddParameter): Name = "Don_Vi"; Value = "Con"; VariantName = "[No Variations]"
Add component (AddParameter): Name = "Ghi_Chu"; Value = ""; VariantName = "[No Variations]"
Add component (AddParameter): Name = "Kieu_Chan"; Value = ""; VariantName = "[No Variations]"
Add component (AddParameter): Name = "Ma_Hang"; Value = "MH004006"; VariantName = "[No Variations]"
Add component (AddParameter): Name = "Ten_Linh_Kien"; Value = "Jump Ðon Cái 2.54MM 1x20P Th?ng"; VariantName = "[No Variations]"
Added Pin To Net: NetName=GND Pin=JP5-3
Added Pin To Net: NetName=3v3 Pin=JP5-4
Added Pin To Net: NetName=GND Pin=JP8-4
Added Pin To Net: NetName=3v3 Pin=JP8-6
Added Pin To Net: NetName=ADC0 Pin=JP7-1
Added Pin To Net: NetName=ADC0 Pin=U10-23
Added Net: Name=ADC0
Added Pin To Net: NetName=ADC1 Pin=JP7-2
Added Pin To Net: NetName=ADC1 Pin=U10-24
Added Net: Name=ADC1
Added Pin To Net: NetName=ADC2 Pin=JP7-3
Added Pin To Net: NetName=ADC2 Pin=U10-25
Added Net: Name=ADC2
Added Pin To Net: NetName=ADC3 Pin=JP7-4
Added Pin To Net: NetName=ADC3 Pin=U10-27
Added Net: Name=ADC3
Added Pin To Net: NetName=ADC6 Pin=JP7-5
Added Pin To Net: NetName=ADC6 Pin=U10-19
Added Net: Name=ADC6
Added Pin To Net: NetName=ADC7 Pin=JP7-6
Added Pin To Net: NetName=ADC7 Pin=U10-22
Added Net: Name=ADC7
Added Pin To Net: NetName=PA0 Pin=JP2-4
Added Pin To Net: NetName=PA0 Pin=U8-29
Added Net: Name=PA0
Added Pin To Net: NetName=PA1 Pin=JP3-3
Added Pin To Net: NetName=PA1 Pin=U8-6
Added Net: Name=PA1
Added Pin To Net: NetName=PA4 Pin=JP3-4
Added Pin To Net: NetName=PA4 Pin=U8-16
Added Net: Name=PA4
Added Pin To Net: NetName=PA5 Pin=JP3-5
Added Pin To Net: NetName=PA5 Pin=U8-15
Added Net: Name=PA5
Added Pin To Net: NetName=PA6 Pin=JP3-6
Added Pin To Net: NetName=PA6 Pin=U8-14
Added Net: Name=PA6
Added Pin To Net: NetName=PA7 Pin=JP4-1
Added Pin To Net: NetName=PA7 Pin=U8-13
Added Net: Name=PA7
Added Pin To Net: NetName=PA8 Pin=JP4-2
Added Pin To Net: NetName=PA8 Pin=U8-19
Added Net: Name=PA8
Added Pin To Net: NetName=PA9 Pin=JP4-3
Added Pin To Net: NetName=PA9 Pin=U8-21
Added Net: Name=PA9
Added Pin To Net: NetName=PA10 Pin=JP3-1
Added Pin To Net: NetName=PA10 Pin=U8-25
Added Net: Name=PA10
Added Pin To Net: NetName=PA11 Pin=JP4-4
Added Pin To Net: NetName=PA11 Pin=U8-10
Added Net: Name=PA11
Added Pin To Net: NetName=PA12 Pin=JP4-5
Added Pin To Net: NetName=PA12 Pin=U8-9
Added Net: Name=PA12
Added Pin To Net: NetName=PA15 Pin=JP3-2
Added Pin To Net: NetName=PA15 Pin=U8-3
Added Net: Name=PA15
Added Pin To Net: NetName=PB0 Pin=JP6-1
Added Pin To Net: NetName=PB0 Pin=U10-12
Added Net: Name=PB0
Added Pin To Net: NetName=PB2 Pin=JP2-6
Added Pin To Net: NetName=PB2 Pin=U8-26
Added Net: Name=PB2
Added Pin To Net: NetName=PB3 Pin=JP2-1
Added Pin To Net: NetName=PB3 Pin=U8-32
Added Net: Name=PB3
Added Pin To Net: NetName=PB4 Pin=JP2-2
Added Pin To Net: NetName=PB4 Pin=U8-31
Added Net: Name=PB4
Added Pin To Net: NetName=PB5 Pin=JP2-3
Added Pin To Net: NetName=PB5 Pin=U8-30
Added Net: Name=PB5
Added Pin To Net: NetName=PB12 Pin=JP2-5
Added Pin To Net: NetName=PB12 Pin=U8-27
Added Net: Name=PB12
Added Pin To Net: NetName=PD3 Pin=JP6-2
Added Pin To Net: NetName=PD3 Pin=U10-1
Added Net: Name=PD3
Added Pin To Net: NetName=PD4 Pin=JP6-3
Added Pin To Net: NetName=PD4 Pin=U10-2
Added Net: Name=PD4
Added Pin To Net: NetName=PD5 Pin=JP6-4
Added Pin To Net: NetName=PD5 Pin=U10-9
Added Net: Name=PD5
Added Pin To Net: NetName=RX2 Pin=JP5-1
Added Pin To Net: NetName=RX2 Pin=U8-1
Added Net: Name=RX2
Added Pin To Net: NetName=SWCLK Pin=JP5-5
Added Pin To Net: NetName=SWCLK Pin=U8-7
Added Net: Name=SWCLK
Added Pin To Net: NetName=SWDIO Pin=JP5-6
Added Pin To Net: NetName=SWDIO Pin=U8-8
Added Net: Name=SWDIO
Added Pin To Net: NetName=TX2 Pin=JP5-2
Added Pin To Net: NetName=TX2 Pin=U8-2
Added Net: Name=TX2
Added Member To Class: ClassName=MCU Member=Component JP3 JP 1x6 2.54
Added Member To Class: ClassName=MCU Member=Component JP4 JP 1x5 2.54
Added Member To Class: ClassName=MCU Member=Component JP5 JP 2x3 2.54
Added Member To Class: ClassName=MCU Member=Component JP6 JP 1x4 2.54
Added Member To Class: ClassName=MCU Member=Component JP7 JP 1x6 2.54
Added Member To Class: ClassName=MCU Member=Component JP8 JP 2x3 2.54
Added Room: Name=MCU
Added Room: Name=Voltage_source
