Removed Pin From Net: NetName=PD3 Pin=JP7-2
Removed Pin From Net: NetName=PD4 Pin=JP7-3
Removed Pin From Net: NetName=PD5 Pin=JP7-4
Removed Pin From Net: NetName=PD6 Pin=JP8-1
Removed Pin From Net: NetName=PD7 Pin=JP8-2
Removed Pin From Net: NetName=PB0 Pin=JP8-4
Removed Pin From Net: NetName=ADC6 Pin=JP8-5
Removed Pin From Net: NetName=ADC7 Pin=JP8-6
Change Component Footprint: Designator=JP7 Old Footprint=JP 1x4 CT New Footprint=JP 1x8 CT
Change Component Comment : Designator=JP7 Old Comment=JP 1x4 2.54 New Comment=JP 1x8 2.54
Change Component Designator: OldDesignator=JP9 NewDesignator=JP8
Added Pin To Net: NetName=PD3 Pin=JP7-1
Added Pin To Net: NetName=PD4 Pin=JP7-2
Added Pin To Net: NetName=PD5 Pin=JP7-3
Added Pin To Net: NetName=PD6 Pin=JP7-4
Added Pin To Net: NetName=PD7 Pin=JP7-5
Added Pin To Net: NetName=PB0 Pin=JP7-6
Added Pin To Net: NetName=ADC6 Pin=JP7-7
Added Pin To Net: NetName=ADC7 Pin=JP7-8
Added Member To Class: ClassName=MCU Member=Component JP5 JP 1x8 2.54
Added Member To Class: ClassName=MCU Member=Component JP6 JP 1x4 2.54
Added Member To Class: ClassName=MCU Member=Component JP7 JP 1x8 2.54
Added Room: Name=MCU
Added Room: Name=Voltage_source
