Removed Pin From Net: NetName=GND Pin=Q2-1
Removed Pin From Net: NetName=NetC1_1 Pin=Q2-3
Removed Pin From Net: NetName=NetQ2_4 Pin=Q2-4
Removed Pin From Net: NetName=NetQ2_6 Pin=Q2-6
Removed Pin From Net: NetName=NetC5_2 Pin=R1-1
Removed Pin From Net: NetName=NetC1_2 Pin=R1-2
Removed Pin From Net: NetName=NetD2_1 Pin=R2-1
Removed Pin From Net: NetName=Vin Pin=R2-2
Removed Pin From Net: NetName=NetD1_1 Pin=R3-1
Removed Pin From Net: NetName=Vin Pin=R3-2
Removed Pin From Net: NetName=NetJP1_B5 Pin=R4-1
Removed Pin From Net: NetName=GND Pin=R4-2
Removed Pin From Net: NetName=GND Pin=R7-1
Removed Pin From Net: NetName=Vcc Pin=R7-2
Removed Pin From Net: NetName=NetQ2_4 Pin=U3-1
Removed Pin From Net: NetName=NetR6_2 Pin=U3-2
Removed Pin From Net: NetName=NetQ2_6 Pin=U3-3
Removed Pin From Net: NetName=NetC1_2 Pin=U3-5
Removed Pin From Net: NetName=NetC1_1 Pin=U3-6
Removed Member From Class: ClassName=Voltage_source Member=C7
Removed Member From Class: ClassName=Voltage_source Member=C8
Removed Member From Class: ClassName=Voltage_source Member=C9
Removed Member From Class: ClassName=Voltage_source Member=C10
Removed Member From Class: ClassName=Voltage_source Member=Q3
Removed Member From Class: ClassName=Voltage_source Member=R9
Removed Member From Class: ClassName=Voltage_source Member=R10
Removed Member From Class: ClassName=Voltage_source Member=U4
Change Component Comment : Designator=R2 Old Comment=0603 10k New Comment=10k 1%
Change Component Comment : Designator=R3 Old Comment=0603 10k New Comment=10k 1%
Change Component Comment : Designator=R7 Old Comment=0603 10k New Comment=10k 1%
Change Component Designator: OldDesignator=Q3 NewDesignator=Q2
Change Component Designator: OldDesignator=U4 NewDesignator=U3
Added Pin To Net: NetName=GND Pin=Q2-1
Added Pin To Net: NetName=NetC1_1 Pin=Q2-3
Added Pin To Net: NetName=NetQ2_4 Pin=Q2-4
Added Pin To Net: NetName=NetQ2_6 Pin=Q2-6
Added Pin To Net: NetName=NetC1_2 Pin=R1-1
Added Pin To Net: NetName=NetC5_2 Pin=R1-2
Added Pin To Net: NetName=Vin Pin=R2-1
Added Pin To Net: NetName=NetD1_1 Pin=R2-2
Added Pin To Net: NetName=Vin Pin=R3-1
Added Pin To Net: NetName=NetD2_1 Pin=R3-2
Added Pin To Net: NetName=GND Pin=R4-1
Added Pin To Net: NetName=NetJP1_B5 Pin=R4-2
Added Pin To Net: NetName=Vcc Pin=R7-1
Added Pin To Net: NetName=GND Pin=R7-2
Added Pin To Net: NetName=NetQ2_4 Pin=U3-1
Added Pin To Net: NetName=NetR6_2 Pin=U3-2
Added Pin To Net: NetName=NetQ2_6 Pin=U3-3
Added Pin To Net: NetName=NetC1_2 Pin=U3-5
Added Pin To Net: NetName=NetC1_1 Pin=U3-6
Added Room: Name=Voltage_source
