Removed Pin From Net: NetName=D_P Pin=JP1-A6
Removed Pin From Net: NetName=D_N Pin=JP1-A7
Removed Pin From Net: NetName=D_P Pin=JP1-B6
Removed Pin From Net: NetName=D_N Pin=JP1-B7
Change Component Designator: OldDesignator=R4 NewDesignator=R5
Change Component Designator: OldDesignator=R5 NewDesignator=R6
Change Component Designator: OldDesignator=R6 NewDesignator=R7
Change Component Designator: OldDesignator=R7 NewDesignator=R8
Change Component Designator: OldDesignator=R8 NewDesignator=R10
Change Component Designator: OldDesignator=R9 NewDesignator=R11
Change Component Designator: OldDesignator=R10 NewDesignator=R12
Change Component Designator: OldDesignator=R11 NewDesignator=R13
Change Component Designator: OldDesignator=R12 NewDesignator=R14
Change Component Designator: OldDesignator=R13 NewDesignator=R15
Change Component Designator: OldDesignator=R14 NewDesignator=R16
Change Component Designator: OldDesignator=R15 NewDesignator=R17
Change Component Designator: OldDesignator=R16 NewDesignator=R18
Change Component Designator: OldDesignator=R17 NewDesignator=R19
Change Component Designator: OldDesignator=R18 NewDesignator=R20
Change Component Designator: OldDesignator=R19 NewDesignator=R21
Change Component Designator: OldDesignator=R20 NewDesignator=R22
Change Component Designator: OldDesignator=R21 NewDesignator=R23
Change Component Designator: OldDesignator=R22 NewDesignator=R24
Change Component Designator: OldDesignator=R23 NewDesignator=R25
Added Component: Designator=R4(R_0603)
Add component (AddParameter): Name = "LCSC Part"; Value = "C100044"; VariantName = "[No Variations]"
Add component (AddParameter): Name = "Link"; Value = "https://www.lcsc.com/product-detail/C100044.html?s_z=n_yageo%25200603%25200R%25201%2525"; VariantName = "[No Variations]"
Add component (AddParameter): Name = "Manufacturer"; Value = "YAGEO"; VariantName = "[No Variations]"
Add component (AddParameter): Name = "Mrf.Part"; Value = "RC0603FR-070RL"; VariantName = "[No Variations]"
Add component (AddParameter): Name = "Package"; Value = "0603"; VariantName = "[No Variations]"
Add component (AddParameter): Name = "Packaging"; Value = "Cut Tape (CT)"; VariantName = "[No Variations]"
Add component (AddParameter): Name = "Tolerance"; Value = "±1%"; VariantName = "[No Variations]"
Added Component: Designator=R9(R_0603)
Add component (AddParameter): Name = "LCSC Part"; Value = "C100044"; VariantName = "[No Variations]"
Add component (AddParameter): Name = "Link"; Value = "https://www.lcsc.com/product-detail/C100044.html?s_z=n_yageo%25200603%25200R%25201%2525"; VariantName = "[No Variations]"
Add component (AddParameter): Name = "Manufacturer"; Value = "YAGEO"; VariantName = "[No Variations]"
Add component (AddParameter): Name = "Mrf.Part"; Value = "RC0603FR-070RL"; VariantName = "[No Variations]"
Add component (AddParameter): Name = "Package"; Value = "0603"; VariantName = "[No Variations]"
Add component (AddParameter): Name = "Packaging"; Value = "Cut Tape (CT)"; VariantName = "[No Variations]"
Add component (AddParameter): Name = "Tolerance"; Value = "±1%"; VariantName = "[No Variations]"
Added Pin To Net: NetName=D_P Pin=R4-2
Added Pin To Net: NetName=D_N Pin=R9-2
Change Net Name : Old Net Name=NetR6_2 New Net Name=NetR7_2
Change Net Name : Old Net Name=NetR8_2 New Net Name=NetR10_2
Change Net Name : Old Net Name=NetR9_1 New Net Name=NetR11_1
Added Pin To Net: NetName=NetJP1_A6 Pin=JP1-A6
Added Pin To Net: NetName=NetJP1_A6 Pin=JP1-B6
Added Pin To Net: NetName=NetJP1_A6 Pin=R4-1
Added Net: Name=NetJP1_A6
Added Pin To Net: NetName=NetJP1_A7 Pin=JP1-A7
Added Pin To Net: NetName=NetJP1_A7 Pin=JP1-B7
Added Pin To Net: NetName=NetJP1_A7 Pin=R9-1
Added Net: Name=NetJP1_A7
Added Member To Class: ClassName=Voltage_source Member=Component R11 73.2K 1%
Added Member To Class: ClassName=Voltage_source Member=Component R12 10k 1%
Added Room: Name=MCU
Added Room: Name=Voltage_source
